Release 12.4 - xst M.81d (lin64)
Copyright (c) 1995-2010 Xilinx, Inc.  All rights reserved.
--> 
Parameter TMPDIR set to tmpdir


Total REAL time to Xst completion: 0.00 secs
Total CPU time to Xst completion: 0.11 secs
 
--> 

TABLE OF CONTENTS
  1) Synthesis Options Summary
  2) HDL Parsing
  3) HDL Elaboration
  4) HDL Synthesis
       4.1) HDL Synthesis Report
  5) Advanced HDL Synthesis
       5.1) Advanced HDL Synthesis Report
  6) Low Level Synthesis
  7) Partition Report
  8) Design Summary
       8.1) Primitive and Black Box Usage
       8.2) Device utilization summary
       8.3) Partition Resource Summary
       8.4) Timing Report
            8.4.1) Clock Information
            8.4.2) Asynchronous Control Signals Information
            8.4.3) Timing Summary
            8.4.4) Timing Details
            8.4.5) Cross Clock Domains Report


=========================================================================
*                      Synthesis Options Summary                        *
=========================================================================
---- Source Parameters
Input File Name                    : "design.prj"

---- Target Parameters
Output File Name                   : "design.ngc"
Target Device                      : xc6slx16-3-csg324

---- Source Options
Top Module Name                    : lab

=========================================================================

WARNING:Xst:29 - Optimization Effort not specified
The following parameters have been added:
Optimization Goal                  : SPEED

=========================================================================

=========================================================================
*                          HDL Parsing                                  *
=========================================================================
Parsing VHDL file "/edu/danpe419/Desktop/Jumpy-Jumpy-Box-Box/GPU/lab-synthdir/xst/synth/../../../lab.vhd" into library work
Parsing entity <lab>.
Parsing architecture <Behavioral> of entity <lab>.
ERROR:HDLCompiler:258 - "/edu/danpe419/Desktop/Jumpy-Jumpy-Box-Box/GPU/lab-synthdir/xst/synth/../../../lab.vhd" Line 108: Cannot convert type  universal_integer to type std_logic_vector
ERROR:HDLCompiler:806 - "/edu/danpe419/Desktop/Jumpy-Jumpy-Box-Box/GPU/lab-synthdir/xst/synth/../../../lab.vhd" Line 229: Syntax error near "process".
ERROR:HDLCompiler:854 - "/edu/danpe419/Desktop/Jumpy-Jumpy-Box-Box/GPU/lab-synthdir/xst/synth/../../../lab.vhd" Line 24: Unit <behavioral> ignored due to previous errors.
VHDL file /edu/danpe419/Desktop/Jumpy-Jumpy-Box-Box/GPU/lab-synthdir/xst/synth/../../../lab.vhd ignored due to errors
--> 


Total memory usage is 397884 kilobytes

Number of errors   :    3 (   0 filtered)
Number of warnings :    1 (   0 filtered)
Number of infos    :    0 (   0 filtered)

