Release 12.4 Map M.81d (lin64)
Xilinx Mapping Report File for Design 'lab'

Design Information
------------------
Command Line   : map -detail -u -p xc6slx16-3-csg324 -pr b -c 100 -o
design_map.ncd design.ngd design.pcf 
Target Device  : xc6slx16
Target Package : csg324
Target Speed   : -3
Mapper Version : spartan6 -- $Revision: 1.52.76.2 $
Mapped Date    : Mon May 16 15:52:39 2016

Design Summary
--------------
Number of errors:      0
Number of warnings:    0
Slice Logic Utilization:
  Number of Slice Registers:                 1,389 out of  18,224    7%
    Number used as Flip Flops:               1,389
    Number used as Latches:                      0
    Number used as Latch-thrus:                  0
    Number used as AND/OR logics:                0
  Number of Slice LUTs:                        970 out of   9,112   10%
    Number used as logic:                      937 out of   9,112   10%
      Number using O6 output only:             729
      Number using O5 output only:              95
      Number using O5 and O6:                  113
      Number used as ROM:                        0
    Number used as Memory:                       1 out of   2,176    1%
      Number used as Dual Port RAM:              0
      Number used as Single Port RAM:            0
      Number used as Shift Register:             1
        Number using O6 output only:             1
        Number using O5 output only:             0
        Number using O5 and O6:                  0
    Number used exclusively as route-thrus:     32
      Number with same-slice register load:     23
      Number with same-slice carry load:         8
      Number with other load:                    1

Slice Logic Distribution:
  Number of occupied Slices:                   417 out of   2,278   18%
  Number of LUT Flip Flop pairs used:        1,588
    Number with an unused Flip Flop:           224 out of   1,588   14%
    Number with an unused LUT:                 618 out of   1,588   38%
    Number of fully used LUT-FF pairs:         746 out of   1,588   46%
    Number of unique control sets:              90
    Number of slice register sites lost
      to control set restrictions:              58 out of  18,224    1%

  A LUT Flip Flop pair for this architecture represents one LUT paired with
  one Flip Flop within a slice.  A control set is a unique combination of
  clock, reset, set, and enable signals for a registered element.
  The Slice Logic Distribution report is not meaningful if the design is
  over-mapped for a non-slice resource or if Placement fails.

IO Utilization:
  Number of bonded IOBs:                        26 out of     232   11%
    Number of LOCed IOBs:                       26 out of      26  100%
    IOB Flip Flops:                             13

Specific Feature Utilization:
  Number of RAMB16BWERs:                         0 out of      32    0%
  Number of RAMB8BWERs:                          0 out of      64    0%
  Number of BUFIO2/BUFIO2_2CLKs:                 0 out of      32    0%
  Number of BUFIO2FB/BUFIO2FB_2CLKs:             0 out of      32    0%
  Number of BUFG/BUFGMUXs:                       1 out of      16    6%
    Number used as BUFGs:                        1
    Number used as BUFGMUX:                      0
  Number of DCM/DCM_CLKGENs:                     0 out of       4    0%
  Number of ILOGIC2/ISERDES2s:                   2 out of     248    1%
    Number used as ILOGIC2s:                     2
    Number used as ISERDES2s:                    0
  Number of IODELAY2/IODRP2/IODRP2_MCBs:         0 out of     248    0%
  Number of OLOGIC2/OSERDES2s:                  11 out of     248    4%
    Number used as OLOGIC2s:                    11
    Number used as OSERDES2s:                    0
  Number of BSCANs:                              0 out of       4    0%
  Number of BUFHs:                               0 out of     128    0%
  Number of BUFPLLs:                             0 out of       8    0%
  Number of BUFPLL_MCBs:                         0 out of       4    0%
  Number of DSP48A1s:                            0 out of      32    0%
  Number of ICAPs:                               0 out of       1    0%
  Number of MCBs:                                0 out of       2    0%
  Number of PCILOGICSEs:                         0 out of       2    0%
  Number of PLL_ADVs:                            0 out of       2    0%
  Number of PMVs:                                0 out of       1    0%
  Number of STARTUPs:                            0 out of       1    0%
  Number of SUSPEND_SYNCs:                       0 out of       1    0%

Average Fanout of Non-Clock Nets:                3.28

Peak Memory Usage:  602 MB
Total REAL time to MAP completion:  21 secs 
Total CPU time to MAP completion:   18 secs 

Table of Contents
-----------------
Section 1 - Errors
Section 2 - Warnings
Section 3 - Informational
Section 4 - Removed Logic Summary
Section 5 - Removed Logic
Section 6 - IOB Properties
Section 7 - RPMs
Section 8 - Guide Report
Section 9 - Area Group and Partition Summary
Section 10 - Timing Report
Section 11 - Configuration String Information
Section 12 - Control Set Information
Section 13 - Utilization by Hierarchy

Section 1 - Errors
------------------

Section 2 - Warnings
--------------------
WARNING:Security:43 - No license file was found in the standard Xilinx license
directory.
WARNING:Security:44 - No license file was found.
WARNING:Security:42 - Your software subscription period has lapsed. Your current
version of Xilinx tools will continue to function, but you no longer qualify for
Xilinx software updates or new releases.

Section 3 - Informational
-------------------------
INFO:Security:50 - The XILINXD_LICENSE_FILE environment variable is set to
'1706@license.isy.liu.se'.
INFO:Security:52 - The LM_LICENSE_FILE environment variable is set to
'1706@license.isy.liu.se'.
INFO:Security:54 - 'xc6slx16' is a WebPack part.
INFO:MapLib:562 - No environment variables are currently set.
INFO:LIT:244 - All of the single ended outputs in this design are using slew
   rate limited output drivers. The delay on speed critical single ended outputs
   can be dramatically reduced by designating them as fast outputs.
INFO:Pack:1716 - Initializing temperature to 85.000 Celsius. (default - Range:
   0.000 to 85.000 Celsius)
INFO:Pack:1720 - Initializing voltage to 1.140 Volts. (default - Range: 1.140 to
   1.260 Volts)
INFO:Map:215 - The Interim Design Summary has been generated in the MAP Report
   (.mrp).
INFO:Pack:1650 - Map created a placed design.

Section 4 - Removed Logic Summary
---------------------------------
   2 block(s) optimized away
 103 Block(s) redundant

Section 5 - Removed Logic
-------------------------

Optimized Block(s):
TYPE 		BLOCK
GND 		XST_GND
VCC 		XST_VCC

Redundant Block(s):
TYPE 		BLOCK
LUT1 		Madd_ypos[15]_GND_6_o_add_35_OUT_cy<3>_rt
LUT1 		Madd_ypos[15]_GND_6_o_add_84_OUT_cy<3>_rt
LUT1 		Madd_ypos[15]_GND_6_o_add_35_OUT_cy<5>_rt
LUT1 		Madd_ypos[15]_GND_6_o_add_84_OUT_cy<5>_rt
LUT1 		Madd_ypos[15]_GND_6_o_add_35_OUT_cy<6>_rt
LUT1 		Madd_ypos[15]_GND_6_o_add_84_OUT_cy<6>_rt
LUT1 		Madd_ypos[15]_GND_6_o_add_35_OUT_cy<7>_rt
LUT1 		Madd_ypos[15]_GND_6_o_add_84_OUT_cy<7>_rt
LUT1 		Madd_ypos[15]_GND_6_o_add_35_OUT_cy<8>_rt
LUT1 		Madd_ypos[15]_GND_6_o_add_84_OUT_cy<8>_rt
LUT1 		Madd_ypos[15]_GND_6_o_add_35_OUT_cy<9>_rt
LUT1 		Madd_ypos[15]_GND_6_o_add_84_OUT_cy<9>_rt
LUT1 		Madd_ypos[15]_GND_6_o_add_35_OUT_cy<10>_rt
LUT1 		Madd_ypos[15]_GND_6_o_add_84_OUT_cy<10>_rt
LUT1 		Madd_ypos[15]_GND_6_o_add_35_OUT_cy<11>_rt
LUT1 		Madd_ypos[15]_GND_6_o_add_84_OUT_cy<11>_rt
LUT1 		Madd_ypos[15]_GND_6_o_add_35_OUT_cy<12>_rt
LUT1 		Madd_ypos[15]_GND_6_o_add_84_OUT_cy<12>_rt
LUT1 		Madd_ypos[15]_GND_6_o_add_35_OUT_cy<13>_rt
LUT1 		Madd_ypos[15]_GND_6_o_add_84_OUT_cy<13>_rt
LUT1 		Madd_ypos[15]_GND_6_o_add_35_OUT_cy<14>_rt
LUT1 		Madd_ypos[15]_GND_6_o_add_84_OUT_cy<14>_rt
LUT1 		Madd_ypos[15]_GND_6_o_add_84_OUT_cy<1>_rt
LUT1 		Madd_ypos[15]_GND_6_o_add_84_OUT_cy<2>_rt
LUT1 		Madd_ypos[15]_GND_6_o_add_84_OUT_cy<4>_rt
LUT1 		Msub_GND_6_o_GND_6_o_sub_81_OUT<15:0>_cy<0>_rt
LUT1 		Madd_boxpos[15]_GND_6_o_add_50_OUT_cy<3>_rt
LUT1 		Madd_boxpos[15]_GND_6_o_add_50_OUT_cy<5>_rt
LUT1 		Madd_boxpos[15]_GND_6_o_add_50_OUT_cy<6>_rt
LUT1 		Madd_boxpos[15]_GND_6_o_add_50_OUT_cy<7>_rt
LUT1 		Madd_boxpos[15]_GND_6_o_add_50_OUT_cy<8>_rt
LUT1 		Madd_boxpos[15]_GND_6_o_add_50_OUT_cy<9>_rt
LUT1 		Madd_boxpos[15]_GND_6_o_add_50_OUT_cy<10>_rt
LUT1 		Madd_boxpos[15]_GND_6_o_add_50_OUT_cy<11>_rt
LUT1 		Madd_boxpos[15]_GND_6_o_add_50_OUT_cy<12>_rt
LUT1 		Madd_boxpos[15]_GND_6_o_add_50_OUT_cy<13>_rt
LUT1 		Madd_boxpos[15]_GND_6_o_add_50_OUT_cy<14>_rt
LUT1 		Mcount_jumpctr_cy<1>_rt
LUT1 		Mcount_jumpctr_cy<2>_rt
LUT1 		Mcount_jumpctr_cy<3>_rt
LUT1 		Mcount_jumpctr_cy<4>_rt
LUT1 		Mcount_jumpctr_cy<5>_rt
LUT1 		Mcount_jumpctr_cy<6>_rt
LUT1 		Mcount_jumpctr_cy<7>_rt
LUT1 		Mcount_jumpctr_cy<8>_rt
LUT1 		Mcount_jumpctr_cy<9>_rt
LUT1 		Mcount_jumpctr_cy<10>_rt
LUT1 		Mcount_jumpctr_cy<11>_rt
LUT1 		Mcount_jumpctr_cy<12>_rt
LUT1 		Mcount_jumpctr_cy<13>_rt
LUT1 		Mcount_jumpctr_cy<14>_rt
LUT1 		Mcount_jumpctr_cy<15>_rt
LUT1 		Mcount_jumpctr_cy<16>_rt
LUT1 		Mcount_jumpctr_cy<17>_rt
LUT1 		Mcount_jumpctr_cy<18>_rt
LUT1 		Mcount_pix_counter_cy<1>_rt
LUT1 		Mcount_pix_counter_cy<2>_rt
LUT1 		Mcount_pix_counter_cy<3>_rt
LUT1 		Mcount_pix_counter_cy<4>_rt
LUT1 		Mcount_pix_counter_cy<5>_rt
LUT1 		Mcount_pix_counter_cy<6>_rt
LUT1 		Mcount_pix_counter_cy<7>_rt
LUT1 		Mcount_xctr_cy<1>_rt
LUT1 		Mcount_xctr_cy<2>_rt
LUT1 		Mcount_xctr_cy<3>_rt
LUT1 		Mcount_xctr_cy<4>_rt
LUT1 		Mcount_xctr_cy<5>_rt
LUT1 		Mcount_xctr_cy<6>_rt
LUT1 		Mcount_xctr_cy<7>_rt
LUT1 		Mcount_xctr_cy<8>_rt
LUT1 		Mcount_yctr_cy<1>_rt
LUT1 		Mcount_yctr_cy<2>_rt
LUT1 		Mcount_yctr_cy<3>_rt
LUT1 		Mcount_yctr_cy<4>_rt
LUT1 		Mcount_yctr_cy<5>_rt
LUT1 		Mcount_yctr_cy<6>_rt
LUT1 		Mcount_yctr_cy<7>_rt
LUT1 		Mcount_yctr_cy<8>_rt
LUT1 		Mcount_boxpos_cy<0>_rt
LUT1 		led/Mcount_counter_r_cy<16>_rt
LUT1 		led/Mcount_counter_r_cy<15>_rt
LUT1 		led/Mcount_counter_r_cy<14>_rt
LUT1 		led/Mcount_counter_r_cy<13>_rt
LUT1 		led/Mcount_counter_r_cy<12>_rt
LUT1 		led/Mcount_counter_r_cy<11>_rt
LUT1 		led/Mcount_counter_r_cy<10>_rt
LUT1 		led/Mcount_counter_r_cy<9>_rt
LUT1 		led/Mcount_counter_r_cy<8>_rt
LUT1 		led/Mcount_counter_r_cy<7>_rt
LUT1 		led/Mcount_counter_r_cy<6>_rt
LUT1 		led/Mcount_counter_r_cy<5>_rt
LUT1 		led/Mcount_counter_r_cy<4>_rt
LUT1 		led/Mcount_counter_r_cy<3>_rt
LUT1 		led/Mcount_counter_r_cy<2>_rt
LUT1 		led/Mcount_counter_r_cy<1>_rt
LUT1 		Madd_ypos[15]_GND_6_o_add_35_OUT_xor<15>_rt
LUT1 		Madd_ypos[15]_GND_6_o_add_84_OUT_xor<15>_rt
LUT1 		Madd_boxpos[15]_GND_6_o_add_50_OUT_xor<15>_rt
LUT1 		Mcount_jumpctr_xor<19>_rt
LUT1 		Mcount_xctr_xor<9>_rt
LUT1 		Mcount_yctr_xor<9>_rt
LUT1 		led/Mcount_counter_r_xor<17>_rt
LUT1 		Mcount_pix_counter_xor<8>_rt

Section 6 - IOB Properties
--------------------------

+---------------------------------------------------------------------------------------------------------------------------------------------------------+
| IOB Name                           | Type             | Direction | IO Standard          | Diff  | Drive    | Slew | Reg (s)      | Resistor | IOB      |
|                                    |                  |           |                      | Term  | Strength | Rate |              |          | Delay    |
+---------------------------------------------------------------------------------------------------------------------------------------------------------+
| Hsync                              | IOB              | OUTPUT    | LVCMOS33             |       | 12       | SLOW |              |          |          |
| PS2KeyboardCLK                     | IOB              | INPUT     | LVCMOS33             |       |          |      | IFF          | PULLUP   |          |
| PS2KeyboardData                    | IOB              | INPUT     | LVCMOS33             |       |          |      | IFF          | PULLUP   |          |
| Vsync                              | IOB              | OUTPUT    | LVCMOS33             |       | 12       | SLOW |              |          |          |
| an<0>                              | IOB              | OUTPUT    | LVCMOS33             |       | 12       | SLOW | OFF          |          |          |
| an<1>                              | IOB              | OUTPUT    | LVCMOS33             |       | 12       | SLOW | OFF          |          |          |
| an<2>                              | IOB              | OUTPUT    | LVCMOS33             |       | 12       | SLOW | OFF          |          |          |
| an<3>                              | IOB              | OUTPUT    | LVCMOS33             |       | 12       | SLOW | OFF          |          |          |
| ca                                 | IOB              | OUTPUT    | LVCMOS33             |       | 12       | SLOW | OFF          |          |          |
| cb                                 | IOB              | OUTPUT    | LVCMOS33             |       | 12       | SLOW | OFF          |          |          |
| cc                                 | IOB              | OUTPUT    | LVCMOS33             |       | 12       | SLOW | OFF          |          |          |
| cd                                 | IOB              | OUTPUT    | LVCMOS33             |       | 12       | SLOW | OFF          |          |          |
| ce                                 | IOB              | OUTPUT    | LVCMOS33             |       | 12       | SLOW | OFF          |          |          |
| cf                                 | IOB              | OUTPUT    | LVCMOS33             |       | 12       | SLOW | OFF          |          |          |
| cg                                 | IOB              | OUTPUT    | LVCMOS33             |       | 12       | SLOW | OFF          |          |          |
| clk                                | IOB              | INPUT     | LVCMOS33             |       |          |      |              |          |          |
| dp                                 | IOB              | OUTPUT    | LVCMOS33             |       | 12       | SLOW |              |          |          |
| rst                                | IOB              | INPUT     | LVCMOS33             |       |          |      |              |          |          |
| vgaBlue<1>                         | IOB              | OUTPUT    | LVCMOS33             |       | 12       | SLOW |              |          |          |
| vgaBlue<2>                         | IOB              | OUTPUT    | LVCMOS33             |       | 12       | SLOW |              |          |          |
| vgaGreen<0>                        | IOB              | OUTPUT    | LVCMOS33             |       | 12       | SLOW |              |          |          |
| vgaGreen<1>                        | IOB              | OUTPUT    | LVCMOS33             |       | 12       | SLOW |              |          |          |
| vgaGreen<2>                        | IOB              | OUTPUT    | LVCMOS33             |       | 12       | SLOW |              |          |          |
| vgaRed<0>                          | IOB              | OUTPUT    | LVCMOS33             |       | 12       | SLOW |              |          |          |
| vgaRed<1>                          | IOB              | OUTPUT    | LVCMOS33             |       | 12       | SLOW |              |          |          |
| vgaRed<2>                          | IOB              | OUTPUT    | LVCMOS33             |       | 12       | SLOW |              |          |          |
+---------------------------------------------------------------------------------------------------------------------------------------------------------+

Section 7 - RPMs
----------------

Section 8 - Guide Report
------------------------
Guide not run on this design.

Section 9 - Area Group and Partition Summary
--------------------------------------------

Partition Implementation Status
-------------------------------

  No Partitions were found in this design.

-------------------------------

Area Group Information
----------------------

  No area groups were found in this design.

----------------------

Section 10 - Timing Report
--------------------------
A logic-level (pre-route) timing report can be generated by using Xilinx static
timing analysis tools, Timing Analyzer (GUI) or TRCE (command line), with the
mapped NCD and PCF files. Please note that this timing report will be generated
using estimated delay information. For accurate numbers, please generate a
timing report with the post Place and Route NCD file.

For more information about the Timing Analyzer, consult the Xilinx Timing
Analyzer Reference Manual; for more information about TRCE, consult the Xilinx
Command Line Tools User Guide "TRACE" chapter.

Section 11 - Configuration String Details
-----------------------------------------

Section 12 - Control Set Information
------------------------------------
+---------------------------------------------------------------------------------------------------------------------+
| Clock Signal | Reset Signal    | Set Signal | Enable Signal                     | Slice Load Count | Bel Load Count |
+---------------------------------------------------------------------------------------------------------------------+
| clk_BUFGP    |                 |            |                                   | 19               | 51             |
| clk_BUFGP    |                 |            | U0/PS2Clk_op                      | 3                | 9              |
| clk_BUFGP    |                 |            | _n0447_inv                        | 5                | 16             |
| clk_BUFGP    |                 |            | skicka/FB[2]_GND_13_o_equal_211_o | 4                | 16             |
| clk_BUFGP    |                 |            | skicka/FB[2]_PWR_14_o_equal_219_o | 4                | 16             |
| clk_BUFGP    |                 |            | skicka/FB[2]_PWR_14_o_equal_2_o   | 7                | 25             |
| clk_BUFGP    |                 |            | skicka/_n0625_inv                 | 5                | 16             |
| clk_BUFGP    |                 |            | skicka/_n0629_inv                 | 4                | 16             |
| clk_BUFGP    |                 |            | skicka/_n0633_inv                 | 4                | 16             |
| clk_BUFGP    |                 |            | skicka/_n0637_inv                 | 4                | 16             |
| clk_BUFGP    |                 |            | skicka/_n0641_inv                 | 4                | 16             |
| clk_BUFGP    |                 |            | skicka/_n0645_inv                 | 4                | 16             |
| clk_BUFGP    |                 |            | skicka/_n0649_inv                 | 4                | 16             |
| clk_BUFGP    |                 |            | skicka/_n0653_inv                 | 3                | 16             |
| clk_BUFGP    |                 |            | skicka/_n0657_inv                 | 4                | 16             |
| clk_BUFGP    |                 |            | skicka/_n0661_inv                 | 4                | 16             |
| clk_BUFGP    |                 |            | skicka/_n0665_inv                 | 4                | 16             |
| clk_BUFGP    |                 |            | skicka/_n0669_inv                 | 4                | 16             |
| clk_BUFGP    |                 |            | skicka/_n0673_inv                 | 5                | 16             |
| clk_BUFGP    |                 |            | skicka/_n0677_inv                 | 4                | 16             |
| clk_BUFGP    |                 |            | skicka/_n0681_inv                 | 4                | 16             |
| clk_BUFGP    |                 |            | skicka/_n0685_inv                 | 4                | 16             |
| clk_BUFGP    |                 |            | skicka/_n0689_inv                 | 4                | 16             |
| clk_BUFGP    |                 |            | skicka/_n0693_inv                 | 4                | 16             |
| clk_BUFGP    |                 |            | skicka/_n0697_inv                 | 4                | 16             |
| clk_BUFGP    |                 |            | skicka/_n0701_inv                 | 4                | 16             |
| clk_BUFGP    |                 |            | skicka/_n0705_inv                 | 4                | 16             |
| clk_BUFGP    |                 |            | skicka/_n0709_inv                 | 4                | 16             |
| clk_BUFGP    |                 |            | skicka/_n0713_inv                 | 4                | 16             |
| clk_BUFGP    |                 |            | skicka/_n0717_inv                 | 4                | 16             |
| clk_BUFGP    |                 |            | skicka/_n0721_inv                 | 4                | 16             |
| clk_BUFGP    |                 |            | skicka/_n0725_inv                 | 4                | 16             |
| clk_BUFGP    |                 |            | skicka/_n0729_inv                 | 4                | 16             |
| clk_BUFGP    |                 |            | skicka/_n0733_inv                 | 4                | 16             |
| clk_BUFGP    |                 |            | skicka/_n0737_inv                 | 4                | 16             |
| clk_BUFGP    |                 |            | skicka/_n0741_inv                 | 4                | 16             |
| clk_BUFGP    |                 |            | skicka/_n0745_inv                 | 4                | 16             |
| clk_BUFGP    |                 |            | skicka/_n0749_inv                 | 5                | 16             |
| clk_BUFGP    |                 |            | skicka/_n0753_inv                 | 4                | 16             |
| clk_BUFGP    |                 |            | skicka/_n0757_inv                 | 4                | 16             |
| clk_BUFGP    |                 |            | skicka/_n0761_inv                 | 4                | 16             |
| clk_BUFGP    |                 |            | skicka/_n0765_inv                 | 4                | 16             |
| clk_BUFGP    |                 |            | skicka/_n0769_inv                 | 4                | 16             |
| clk_BUFGP    |                 |            | skicka/_n0773_inv                 | 4                | 16             |
| clk_BUFGP    |                 |            | skicka/_n0777_inv                 | 4                | 16             |
| clk_BUFGP    |                 |            | skicka/_n0781_inv                 | 4                | 16             |
| clk_BUFGP    |                 |            | skicka/_n0785_inv                 | 4                | 16             |
| clk_BUFGP    |                 |            | skicka/_n0789_inv                 | 4                | 16             |
| clk_BUFGP    |                 |            | skicka/_n0793_inv                 | 4                | 16             |
| clk_BUFGP    |                 |            | skicka/_n0797_inv                 | 4                | 16             |
| clk_BUFGP    |                 |            | skicka/_n0801_inv                 | 4                | 16             |
| clk_BUFGP    |                 |            | skicka/_n0805_inv                 | 4                | 16             |
| clk_BUFGP    |                 |            | skicka/_n0809_inv                 | 4                | 16             |
| clk_BUFGP    |                 |            | skicka/_n0813_inv                 | 4                | 16             |
| clk_BUFGP    |                 |            | skicka/_n0817_inv                 | 4                | 16             |
| clk_BUFGP    |                 |            | skicka/_n0821_inv                 | 4                | 16             |
| clk_BUFGP    |                 |            | skicka/_n0825_inv                 | 4                | 16             |
| clk_BUFGP    |                 |            | skicka/_n0829_inv                 | 4                | 16             |
| clk_BUFGP    |                 |            | skicka/_n0833_inv                 | 5                | 16             |
| clk_BUFGP    |                 |            | skicka/_n0837_inv                 | 4                | 16             |
| clk_BUFGP    |                 |            | skicka/_n0841_inv                 | 4                | 16             |
| clk_BUFGP    |                 |            | skicka/_n0845_inv                 | 4                | 16             |
| clk_BUFGP    |                 |            | skicka/_n0849_inv                 | 4                | 16             |
| clk_BUFGP    |                 |            | skicka/_n0853_inv                 | 4                | 16             |
| clk_BUFGP    |                 |            | skicka/_n0857_inv                 | 5                | 16             |
| clk_BUFGP    |                 |            | skicka/_n0861_inv                 | 3                | 16             |
| clk_BUFGP    |                 |            | skicka/_n0865_inv                 | 5                | 16             |
| clk_BUFGP    |                 |            | skicka/_n0869_inv                 | 4                | 16             |
| clk_BUFGP    |                 |            | skicka/_n0873_inv                 | 4                | 16             |
| clk_BUFGP    |                 |            | skicka/_n0877_inv                 | 4                | 16             |
| clk_BUFGP    |                 |            | skicka/_n0881_inv                 | 4                | 16             |
| clk_BUFGP    |                 |            | skicka/_n0885_inv                 | 4                | 16             |
| clk_BUFGP    |                 |            | skicka/_n0889_inv                 | 4                | 16             |
| clk_BUFGP    |                 |            | skicka/_n0893_inv                 | 3                | 16             |
| clk_BUFGP    |                 |            | skicka/_n0897_inv                 | 4                | 16             |
| clk_BUFGP    |                 |            | skicka/_n0902_inv                 | 5                | 16             |
| clk_BUFGP    |                 |            | skicka/_n0906_inv                 | 4                | 16             |
| clk_BUFGP    |                 |            | skicka/_n0910_inv                 | 3                | 16             |
| clk_BUFGP    |                 |            | skicka/_n0914_inv                 | 5                | 16             |
| clk_BUFGP    |                 |            | skicka/_n0934_inv                 | 3                | 6              |
| clk_BUFGP    |                 |            | skicka/_n0974_inv                 | 8                | 16             |
| clk_BUFGP    | Mcount_xctr_val |            | GND_6_o_GND_6_o_equal_23_o        | 3                | 10             |
| clk_BUFGP    | Mcount_yctr_val |            | GND_6_o_GND_6_o_AND_4_o           | 3                | 10             |
| clk_BUFGP    | U0/BC11         |            | U0/PS2Clk_op                      | 1                | 4              |
| clk_BUFGP    | _n0315          |            |                                   | 2                | 3              |
| clk_BUFGP    | _n0325          |            |                                   | 2                | 2              |
| clk_BUFGP    | _n0349          |            | GND_6_o_GND_6_o_AND_10_o          | 2                | 8              |
| clk_BUFGP    | n0147_inv       |            | GND_6_o_jumpctr[19]_OR_94_o       | 4                | 10             |
| clk_BUFGP    | rst_IBUF        |            |                                   | 2                | 4              |
| clk_BUFGP    | rst_IBUF        |            | n0151_inv                         | 4                | 16             |
+---------------------------------------------------------------------------------------------------------------------+

Section 13 - Utilization by Hierarchy
-------------------------------------
+---------------------------------------------------------------------------------------------------------------------------------------------------------------------------------------+
| Module             | Partition | Slices*       | Slice Reg     | LUTs          | LUTRAM        | BRAM/FIFO | DSP48A1 | BUFG  | BUFIO | BUFR  | DCM   | PLL_ADV   | Full Hierarchical  |
+---------------------------------------------------------------------------------------------------------------------------------------------------------------------------------------+
| lab/               |           | 100/445       | 107/1389      | 207/843       | 0/1           | 0/0       | 0/0     | 1/1   | 0/0   | 0/0   | 0/0   | 0/0       | lab                |
| +U0                |           | 7/7           | 16/16         | 15/15         | 1/1           | 0/0       | 0/0     | 0/0   | 0/0   | 0/0   | 0/0   | 0/0       | lab/U0             |
| +led               |           | 11/11         | 18/18         | 11/11         | 0/0           | 0/0       | 0/0     | 0/0   | 0/0   | 0/0   | 0/0   | 0/0       | lab/led            |
| +skicka            |           | 327/327       | 1248/1248     | 610/610       | 0/0           | 0/0       | 0/0     | 0/0   | 0/0   | 0/0   | 0/0   | 0/0       | lab/skicka         |
+---------------------------------------------------------------------------------------------------------------------------------------------------------------------------------------+

* Slices can be packed with basic elements from multiple hierarchies.
  Therefore, a slice will be counted in every hierarchical module
  that each of its packed basic elements belong to.
** For each column, there are two numbers reported <A>/<B>.
   <A> is the number of elements that belong to that specific hierarchical module.
   <B> is the total number of elements from that hierarchical module and any lower level
   hierarchical modules below.
*** The LUTRAM column counts all LUTs used as memory including RAM, ROM, and shift registers.
